<?xml version="1.0" encoding="UTF-8"?>
<!-- Generated by org.testng.reporters.JUnitReportReporter -->
<testsuite hostname="DESKTOP-V07DUCD" failures="0" tests="1" name="FlipkartScenario_1_Test" time="35.507" errors="0" timestamp="2022-09-27T22:49:20 IST" skipped="0">
  <testcase classname="FlipkartScenario_1_Test" name="flipKartTest" time="35.507"/>
  <system-out/>
</testsuite> <!-- FlipkartScenario_1_Test -->
