<?xml version="1.0" encoding="UTF-8"?>
<!-- Generated by org.testng.reporters.JUnitReportReporter -->
<testsuite hostname="DESKTOP-V07DUCD" failures="0" tests="1" name="flipcart_Scenarios.FlipkartScenario_2_Test" time="18.168" errors="0" timestamp="2022-09-27T23:01:25 IST" skipped="0">
  <testcase classname="flipcart_Scenarios.FlipkartScenario_2_Test" name="flipKartTest_2" time="18.168"/>
  <system-out/>
</testsuite> <!-- flipcart_Scenarios.FlipkartScenario_2_Test -->
