<?xml version="1.0" encoding="UTF-8"?>
<!-- Generated by org.testng.reporters.JUnitReportReporter -->
<testsuite hostname="DESKTOP-V07DUCD" failures="0" tests="1" name="FlipkartScenario_2_Test" time="17.432" errors="0" timestamp="2022-09-27T22:48:31 IST" skipped="0">
  <testcase classname="FlipkartScenario_2_Test" name="flipKartTest_2" time="17.432"/>
  <system-out/>
</testsuite> <!-- FlipkartScenario_2_Test -->
