<?xml version="1.0" encoding="UTF-8"?>
<!-- Generated by org.testng.reporters.JUnitReportReporter -->
<testsuite hostname="DESKTOP-V07DUCD" failures="0" tests="1" name="flipcart_Scenarios.MakeMyTrip_Scenario_1_Test" time="24.240" errors="0" timestamp="2022-09-28T20:24:02 IST" skipped="0">
  <testcase classname="flipcart_Scenarios.MakeMyTrip_Scenario_1_Test" name="scenario_1" time="24.240"/>
  <system-out/>
</testsuite> <!-- flipcart_Scenarios.MakeMyTrip_Scenario_1_Test -->
